#
# There is insufficient memory for the Java Runtime Environment to continue.
# Native memory allocation (mmap) failed to map 100663296 bytes for G1 virtual space
# Possible reasons:
#   The system is out of physical RAM or swap space
#   The process is running with CompressedOops enabled, and the Java Heap may be blocking the growth of the native heap
# Possible solutions:
#   Reduce memory load on the system
#   Increase physical memory or swap space
#   Check if swap backing store is full
#   Decrease Java heap size (-Xmx/-Xms)
#   Decrease number of Java threads
#   Decrease Java thread stack sizes (-Xss)
#   Set larger code cache with -XX:ReservedCodeCacheSize=
#   JVM is running with Unscaled Compressed Oops mode in which the Java heap is
#     placed in the first 4GB address space. The Java Heap base address is the
#     maximum limit for the native heap growth. Please use -XX:HeapBaseMinAddress
#     to set the Java Heap base and to place the Java Heap above 4GB virtual address.
# This output file may be truncated or incomplete.
#
#  Out of Memory Error (os_windows.cpp:3771), pid=21396, tid=10880
#
# JRE version:  (17.0.7+7) (build )
# Java VM: OpenJDK 64-Bit Server VM (17.0.7+7-b1000.6, mixed mode, sharing, tiered, compressed oops, compressed class ptrs, g1 gc, windows-amd64)
# No core dump will be written. Minidumps are not enabled by default on client versions of Windows
#

---------------  S U M M A R Y ------------

Command Line: git4idea.http.GitAskPassApp Username for 'https://github.com': 

Host: AMD Ryzen 3 3250U with Radeon Graphics         , 4 cores, 5G,  Windows 11 , 64 bit Build 22000 (10.0.22000.613)
Time: Wed Aug 16 17:37:32 2023 Paris, Madrid (heure duild 22000 (10.0.22000.613) elapsed time: 0.015888 seconds (0d 0h 0m 0s)

---------------  T H R E A D  ---------------

Current thread (0x000001689e6410b0):  JavaThread "Unknown thread" [_thread_in_vm, id=10880, stack(0x0000005157b00000,0x0000005157c00000)]

Stack: [0x0000005157b00000,0x0000005157c00000]
Native frames: (J=compiled Java code, j=interpreted, Vv=VM code, C=native code)
V  [jvm.dll+0x683bfa]
V  [jvm.dll+0x8430a4]
V  [jvm.dll+0x8449be]
V  [jvm.dll+0x845023]
V  [jvm.dll+0x24ad2f]
V  [jvm.dll+0x680ac9]
V  [jvm.dll+0x67519a]
V  [jvm.dll+0x30b3cb]
V  [jvm.dll+0x312876]
V  [jvm.dll+0x36221e]
V  [jvm.dll+0x36244f]
V  [jvm.dll+0x2e14a8]
V  [jvm.dll+0x2e2414]
V  [jvm.dll+0x814391]
V  [jvm.dll+0x36ffe1]
V  [jvm.dll+0x7f396c]
V  [jvm.dll+0x3f305f]
V  [jvm.dll+0x3f4b91]
C  [jli.dll+0x528f]
C  [ucrtbase.dll+0x26c0c]
C  [KERNEL32.DLL+0x154e0]
C  [ntdll.dll+0x485b]


---------------  P R O C E S S  ---------------

Threads class SMR info:
_java_thread_list=0x00007ffa79c7d098, length=0, elements={
}

Java Threads: ( => current thread )

Other Threads:
  0x000001689e68b4e0 GCTaskThread "GC Thread#0" [stack: 0x0000005157c00000,0x0000005157d00000] [id=7344]
  0x000001689e698260 ConcurrentGCThread "G1 Main Marker" [stack: 0x0000005157d00000,0x0000005157e00000] [id=15836]
  0x000001689e69b430 ConcurrentGCThread "G1 Conc#0" [stack: 0x0000005157e00000,0x0000005157f00000] [id=17412]

[error occurred during error reporting (printing all threads), id 0xc0000005, EXCEPTION_ACCESS_VIOLATION (0xc0000005) at pc=0x00007ffa79432087]

VM state: not at safepoint (not fully initialized)

VM Mutex/Monitor currently owned by a thread:  ([mutex/lock_event])
[0x000001689e63b1b0] Heap_lock - owner thread: 0x000001689e6410b0

Heap address: 0x00000000a0e00000, size: 1522 MB, Compressed Oops mode: 32-bit

CDS archive(s) mapped at: [0x0000000000000000-0x0000000000000000-0x0000000000000000), size 0, SharedBaseAddress: 0x0000000800000000, ArchiveRelocationMode: 0.
Narrow klass base: 0x0000000000000000, Narrow klass shift: 0, Narrow klass range: 0x0

GC Precious Log:
<Empty>

Heap:
 garbage-first heap   total 0K, used 0K [0x00000000a0e00000, 0x0000000100000000)
  region size 1024K, 0 young (0K), 0 survivors (0K)
 Metaspace       used 0K, committed 0K, reserved 0K
  class space    used 0K, committed 0K, reserved 0K

Heap Regions: E=young(eden), S=young(survivor), O=old, HS=humongous(starts), HC=humongous(continues), CS=collection set, F=free, OA=open archive, CA=closed archive, TAMS=top-at-mark-start (previous, next)

Card table byte_map: [0x00000168b10c0000,0x00000168b13c0000] _byte_map_base: 0x00000168b0bb9000

Marking Bits (Prev, Next): (CMBitMap*) 0x000001689e68baf0, (CMBitMap*) 0x000001689e68bb30
 Prev Bits: [0x00000168b16c0000, 0x00000168b2e88000)
 Next Bits: [0x00000168b2e90000, 0x00000168b4658000)

GC Heap History (0 events):
No events

Dll operation events (1 events):
Event: 0.010 Loaded shared library C:\Program Files\JetBrains\IntelliJ IDEA Community Edition 2023.2\jbr\bin\java.dll

Deoptimization events (0 events):
No events

Classes unloaded (0 events):
No events

Classes redefined (0 events):
No events

Internal exceptions (0 events):
No events

VM Operations (0 events):
No events

Events (0 events):
No events


Dynamic libraries:
0x00007ff770670000 - 0x00007ff77067a000 	C:\Program Files\JetBrains\IntelliJ IDEA Community Edition 2023.2\jbr\bin\java.exe
0x00007ffb07fa0000 - 0x00007ffb081a9000 	C:\Windows\SYSTEM32\ntdll.dll
0x00007ffb07540000 - 0x00007ffb075fd000 	C:\Windows\System32\KERNEL32.DLL
0x00007ffb057b0000 - 0x00007ffb05b24000 	C:\Windows\System32\KERNELBASE.dll
0x00007ffb05bb0000 - 0x00007ffb05cc1000 	C:\Windows\System32\ucrtbase.dll
0x00007ffaaf270000 - 0x00007ffaaf28b000 	C:\Program Files\JetBrains\IntelliJ IDEA Community Edition 2023.2\jbr\bin\VCRUNTIME140.dll
0x00007ffab23a0000 - 0x00007ffab23b7000 	C:\Program Files\JetBrains\IntelliJ IDEA Community Edition 2023.2\jbr\bin\jli.dll
0x00007ffb07b80000 - 0x00007ffb07d2c000 	C:\Windows\System32\USER32.dll
0x00007ffb05500000 - 0x00007ffb05526000 	C:\Windows\System32\win32u.dll
0x00007ffaf01b0000 - 0x00007ffaf0455000 	C:\Windows\WinSxS\amd64_microsoft.windows.common-controls_6595b64144ccf1df_6.0.22000.120_none_9d947278b86cc467\COMCTL32.dll
0x00007ffb06600000 - 0x00007ffb066a3000 	C:\Windows\System32\msvcrt.dll
0x00007ffb05e40000 - 0x00007ffb05e69000 	C:\Windows\System32\GDI32.dll
0x00007ffb05690000 - 0x00007ffb057a2000 	C:\Windows\System32\gdi32full.dll
0x00007ffb055f0000 - 0x00007ffb0568d000 	C:\Windows\System32\msvcp_win.dll
0x00007ffb07610000 - 0x00007ffb07641000 	C:\Windows\System32\IMM32.DLL
0x00007ffae7800000 - 0x00007ffae780c000 	C:\Program Files\JetBrains\IntelliJ IDEA Community Edition 2023.2\jbr\bin\vcruntime140_1.dll
0x00007ffa760c0000 - 0x00007ffa7614d000 	C:\Program Files\JetBrains\IntelliJ IDEA Community Edition 2023.2\jbr\bin\msvcp140.dll
0x00007ffa79140000 - 0x00007ffa79dc0000 	C:\Program Files\JetBrains\IntelliJ IDEA Community Edition 2023.2\jbr\bin\server\jvm.dll
0x00007ffb078b0000 - 0x00007ffb0795e000 	C:\Windows\System32\ADVAPI32.dll
0x00007ffb07eb0000 - 0x00007ffb07f4e000 	C:\Windows\System32\sechost.dll
0x00007ffb06390000 - 0x00007ffb064b0000 	C:\Windows\System32\RPCRT4.dll
0x00007ffb01350000 - 0x00007ffb01359000 	C:\Windows\SYSTEM32\WSOCK32.dll
0x00007ffb066b0000 - 0x00007ffb0671f000 	C:\Windows\System32\WS2_32.dll
0x00007ffafd9b0000 - 0x00007ffafd9e3000 	C:\Windows\SYSTEM32\WINMM.dll
0x00007ffafcde0000 - 0x00007ffafcdea000 	C:\Windows\SYSTEM32\VERSION.dll
0x00007ffb04550000 - 0x00007ffb04568000 	C:\Windows\SYSTEM32\kernel.appcore.dll
0x00007ffb012c0000 - 0x00007ffb012ca000 	C:\Program Files\JetBrains\IntelliJ IDEA Community Edition 2023.2\jbr\bin\jimage.dll
0x00007ffaef6c0000 - 0x00007ffaef8e1000 	C:\Windows\SYSTEM32\DBGHELP.DLL
0x00007ffae5990000 - 0x00007ffae59c1000 	C:\Windows\SYSTEM32\dbgcore.DLL
0x00007ffb05b30000 - 0x00007ffb05baf000 	C:\Windows\System32\bcryptPrimitives.dll
0x00007ffae7460000 - 0x00007ffae7485000 	C:\Program Files\JetBrains\IntelliJ IDEA Community Edition 2023.2\jbr\bin\java.dll

dbghelp: loaded successfully - version: 4.0.5 - missing functions: none
symbol engine: initialized successfully - sym options: 0x614 - pdb path: .;C:\Program Files\JetBrains\IntelliJ IDEA Community Edition 2023.2\jbr\bin;C:\Windows\SYSTEM32;C:\Windows\WinSxS\amd64_microsoft.windows.common-controls_6595b64144ccf1df_6.0.22000.120_none_9d947278b86cc467;C:\Program Files\JetBrains\IntelliJ IDEA Community Edition 2023.2\jbr\bin\server

VM Arguments:
java_command: git4idea.http.GitAskPassApp Username for 'https://github.com': 
java_class_path (initial): C:/Program Files/JetBrains/IntelliJ IDEA Community Edition 2023.2/plugins/vcs-git/lib/git4idea-rt.jar;C:/Program Files/JetBrains/IntelliJ IDEA Community Edition 2023.2/lib/externalProcess-rt.jar
Launcher Type: SUN_STANDARD

[Global flags]
     intx CICompilerCount                          = 3                                         {product} {ergonomic}
     uint ConcGCThreads                            = 1                                         {product} {ergonomic}
     uint G1ConcRefinementThreads                  = 4                                         {product} {ergonomic}
   size_t G1HeapRegionSize                         = 1048576                                   {product} {ergonomic}
    uintx GCDrainStackTargetSize                   = 64                                        {product} {ergonomic}
   size_t InitialHeapSize                          = 100663296                                 {product} {ergonomic}
   size_t MarkStackSize                            = 4194304                                   {product} {ergonomic}
   size_t MaxHeapSize                              = 1595932672                                {product} {ergonomic}
   size_t MinHeapDeltaBytes                        = 1048576                                   {product} {ergonomic}
   size_t MinHeapSize                              = 8388608                                   {product} {ergonomic}
    uintx NonNMethodCodeHeapSize                   = 5832780                                {pd product} {ergonomic}
    uintx NonProfiledCodeHeapSize                  = 122912730                              {pd product} {ergonomic}
    uintx ProfiledCodeHeapSize                     = 122912730                              {pd product} {ergonomic}
    uintx ReservedCodeCacheSize                    = 251658240                              {pd product} {ergonomic}
     bool SegmentedCodeCache                       = true                                      {product} {ergonomic}
   size_t SoftMaxHeapSize                          = 1595932672                             {manageable} {ergonomic}
     bool UseCompressedClassPointers               = true                           {product lp64_product} {ergonomic}
     bool UseCompressedOops                        = true                           {product lp64_product} {ergonomic}
     bool UseG1GC                                  = true                                      {product} {ergonomic}
     bool UseLargePagesIndividualAllocation        = false                                  {pd product} {ergonomic}

Logging:
Log output configuration:
 #0: stdout all=warning uptime,level,tags
 #1: stderr all=off uptime,level,tags

Environment Variables:
PATH=C:\Program Files\Git\mingw64\libexec\git-core;C:\Program Files\Git\mingw64\libexec\git-core;C:\Program Files\Git\mingw64\bin;C:\Program Files\Git\usr\bin;C:\Users\Cyrille ASSOGBA\bin;C:\Program Files (x86)\PC Connectivity Solution;C:\Program Files\Common Files\Oracle\Java\javapath;C:\Program Files (x86)\Common Files\Oracle\Java\javapath;C:\Program Files (x86)\VMware\VMware Workstation\bin;C:\Windows\system32;C:\Windows;C:\Windows\System32\Wbem;C:\Windows\System32\WindowsPowerShell\v1.0;C:\Windows\System32\OpenSSH;C:\Program Files\Microsoft SQL Server\Client SDK\ODBC\170\Tools\Binn;C:\Program Files (x86)\Microsoft SQL Server\150\Tools\Binn;C:\Program Files\Microsoft SQL Server\150\Tools\Binn;C:\Program Files\Microsoft SQL Server\150\DTS\Binn;C:\Program Files\Azure Data Studio\bin;C:\Program Files\PuTTY;C:\Program Files\Oracle\VirtualBox;C:\Program Files\Oracle\VirtualBox\vboxmanage.exe;E:\SQLITE\sqlite3;C:\Program Files\Git\cmd;C:\Program Files (x86)\AOMEI\AOMEI Backupper\7.2.3;C:\Users\Cyrille ASSOGBA\AppData\Local\Programs\Python\Python311\Scripts;C:\Users\Cyrille ASSOGBA\AppData\Local\Programs\Python\Python311;C:\Users\Cyrille ASSOGBA\AppData\Local\Microsoft\WindowsApps;C:\Program Files\JetBrains\PyCharm 2021.3.2\bin;C:\Program Files\Azure Data Studio\bin;C:\Program Files (x86)\Nmap;C:\src\flutter\bin;C:\Android_SDK\platform-tools\adb.exe;C:\Android_SDK\platform-tools;C:\Android_SDK\tools;C:\Users\Cyrille ASSOGBA\AppData\Local\flutter\bin;C:\Users\Cyrille ASSOGBA\AppData\Local\Programs\Microsoft VS Code\bin;C:\Program Files\JetBrains\IntelliJ IDEA Community Edition 2023.2\bin
USERNAME=Cyrille ASSOGBA
DISPLAY=:0.0
LC_ALL=en_US.UTF-8
TERM=xterm-256color
TMPDIR=C:\Users\CYRILL~1\AppData\Local\Temp
OS=Windows_NT
PROCESSOR_IDENTIFIER=AMD64 Family 23 Model 24 Stepping 1, AuthenticAMD
TMP=C:\Users\CYRILL~1\AppData\Local\Temp
TEMP=C:\Users\CYRILL~1\AppData\Local\Temp


JNI global refs:
JNI global refs: 0, weak refs: 0

JNI global refs memory usage: 0, weak refs: 0

OOME stack traces (most recent first):
Classloader memory used:


---------------  S Y S T E M  ---------------

OS:
 Windows 11 , 64 bit Build 22000 (10.0.22000.613)
OS uptime: 0 days 8:41 hours
Hyper-V role detected

CPU: total 4 (initial active 4) (4 cores per cpu, 2 threads per core) family 23 model 24 stepping 1 microcode 0x0, cx8, cmov, fxsr, ht, mmx, 3dnowpref, sse, sse2, sse3, ssse3, sse4a, sse4.1, sse4.2, popcnt, lzcnt, tsc, tscinvbit, avx, avx2, aes, clmul, bmi1, bmi2, adx, sha, fma, vzeroupper, clflush, clflushopt, hv

Memory: 4k page, system-wide physical 6086M (398M free)
TotalPageFile size 12691M (AvailPageFile size 25M)
current process WorkingSet (physical memory assigned to process): 10M, peak: 10M
current process commit charge ("private bytes"): 51M, peak: 147M

vm_info: OpenJDK 64-Bit Server VM (17.0.7+7-b1000.6) for windows-amd64 JRE (17.0.7+7-b1000.6), built on 2023-07-07 by "builduser" with MS VC++ 16.10 / 16.11 (VS2019)

END.
